<?xml version="1.0" encoding="UTF-8"?>
<!-- Generated by org.testng.reporters.JUnitReportReporter -->
<testsuite hostname="AUTOBVT-T8OSQDH" name="PageTests.Forgetpassword" tests="1" failures="0" timestamp="19 Oct 2018 01:46:37 GMT" time="43.972" errors="0">
  <testcase name="testWangjimima" time="43.972" classname="PageTests.Forgetpassword"/>
</testsuite> <!-- PageTests.Forgetpassword -->
