<?xml version="1.0" encoding="UTF-8"?>
<!-- Generated by org.testng.reporters.JUnitReportReporter -->
<testsuite hostname="DESKTOP-17I485B" name="PageTests.Search" tests="1" failures="0" timestamp="21 Oct 2018 14:13:48 GMT" time="19.345" errors="0">
  <testcase name="login" time="19.345" classname="PageTests.Search"/>
</testsuite> <!-- PageTests.Search -->
